<?xml version="1.0" encoding="UTF-8"?>
<!-- Generated by org.testng.reporters.JUnitReportReporter -->
<testsuite hostname="DESKTOP-KBTMIKC" failures="0" tests="1" name="testCase.Tc01" time="70.473" errors="0" timestamp="2023-10-12T14:22:12 IST" skipped="0">
  <testcase classname="testCase.Tc01" name="login_testcase" time="70.473"/>
</testsuite> <!-- testCase.Tc01 -->
